<?xml version="1.0" encoding="UTF-8"?>
<testsuite xmlns:xsi="http://www.w3.org/2001/XMLSchema-instance" xsi:noNamespaceSchemaLocation="https://maven.apache.org/surefire/maven-surefire-plugin/xsd/surefire-test-report-3.0.xsd" version="3.0" name="com.dtaquito_backend.dtaquito_backend.dtaquito.api.rest.UserControllerTest" time="5.473" tests="3" errors="0" skipped="0" failures="0">
  <properties>
[...]
</properties>
  <testcase name="testUpdateUser" classname="com.dtaquito_backend.dtaquito_backend.dtaquito.api.rest.UserControllerTest" time="0.331">
    <system-out><![CDATA[01:07:49.341 [main] INFO org.springframework.test.context.support.AnnotationConfigContextLoaderUtils -- Could not detect default configuration classes for test class [com.dtaquito_backend.dtaquito_backend.dtaquito.api.rest.UserControllerTest]: UserControllerTest does not declare any static, non-private, non-final, nested classes annotated with @Configuration.
01:07:49.517 [main] INFO org.springframework.boot.test.context.SpringBootTestContextBootstrapper -- Found @SpringBootConfiguration com.dtaquito_backend.dtaquito_backend.DtaquitoBackendApplication for test class com.dtaquito_backend.dtaquito_backend.dtaquito.api.rest.UserControllerTest
01:07:49.611 [main] INFO org.springframework.boot.devtools.restart.RestartApplicationListener -- Restart disabled due to context in which it is running

  .   ____          _            __ _ _
 /\\ / ___'_ __ _ _(_)_ __  __ _ \ \ \ \
( ( )\___ | '_ | '_| | '_ \/ _` | \ \ \ \
 \\/  ___)| |_)| | | | | || (_| |  ) ) ) )
  '  |____| .__|_| |_|_| |_\__, | / / / /
 =========|_|==============|___/=/_/_/_/
 :: Spring Boot ::                (v3.2.6)

2024-09-22T01:07:49.994-05:00  WARN 20396 --- [dtaquito-backend] [           main] ory$DuplicateJsonObjectContextCustomizer : 

Found multiple occurrences of org.json.JSONObject on the class path:

	jar:file:/C:/Users/admin/.m2/repository/com/vaadin/external/google/android-json/0.0.20131108.vaadin1/android-json-0.0.20131108.vaadin1.jar!/org/json/JSONObject.class
	jar:file:/C:/Users/admin/.m2/repository/org/json/json/20210307/json-20210307.jar!/org/json/JSONObject.class

You may wish to exclude one of them to ensure predictable runtime behavior

2024-09-22T01:07:50.007-05:00  INFO 20396 --- [dtaquito-backend] [           main] c.d.d.d.api.rest.UserControllerTest      : Starting UserControllerTest using Java 22.0.2 with PID 20396 (started by admin in C:\Users\admin\Desktop\dtaquito-backend-v1\dtaquito-backend)
2024-09-22T01:07:50.008-05:00  INFO 20396 --- [dtaquito-backend] [           main] c.d.d.d.api.rest.UserControllerTest      : No active profile set, falling back to 1 default profile: "default"
2024-09-22T01:07:53.215-05:00 DEBUG 20396 --- [dtaquito-backend] [           main] swordEncoderAuthenticationManagerBuilder : No authenticationProviders and no parentAuthenticationManager defined. Returning null.
2024-09-22T01:07:53.791-05:00  INFO 20396 --- [dtaquito-backend] [           main] o.s.s.web.DefaultSecurityFilterChain     : Will secure any request with [org.springframework.security.web.session.DisableEncodeUrlFilter@686b1e2d, org.springframework.security.web.context.request.async.WebAsyncManagerIntegrationFilter@6e7e0259, org.springframework.security.web.context.SecurityContextHolderFilter@4f8659d0, org.springframework.security.web.header.HeaderWriterFilter@350bbd5d, org.springframework.web.filter.CorsFilter@646e6d07, org.springframework.security.web.authentication.logout.LogoutFilter@7d64a960, org.springframework.security.web.savedrequest.RequestCacheAwareFilter@3b4bd341, org.springframework.security.web.servletapi.SecurityContextHolderAwareRequestFilter@406ad6d5, org.springframework.security.web.authentication.AnonymousAuthenticationFilter@5501d1c8, org.springframework.security.web.access.ExceptionTranslationFilter@2d6a0766]
2024-09-22T01:07:54.108-05:00  INFO 20396 --- [dtaquito-backend] [           main] o.s.b.t.m.w.SpringBootMockServletContext : Initializing Spring TestDispatcherServlet ''
2024-09-22T01:07:54.109-05:00  INFO 20396 --- [dtaquito-backend] [           main] o.s.t.web.servlet.TestDispatcherServlet  : Initializing Servlet ''
2024-09-22T01:07:54.110-05:00  INFO 20396 --- [dtaquito-backend] [           main] o.s.t.web.servlet.TestDispatcherServlet  : Completed initialization in 1 ms
2024-09-22T01:07:54.146-05:00  INFO 20396 --- [dtaquito-backend] [           main] c.d.d.d.api.rest.UserControllerTest      : Started UserControllerTest in 4.549 seconds (process running for 6.07)
2024-09-22T01:07:54.332-05:00 DEBUG 20396 --- [dtaquito-backend] [           main] o.s.security.web.FilterChainProxy        : Securing PUT /api/v1/users/1
2024-09-22T01:07:54.341-05:00 DEBUG 20396 --- [dtaquito-backend] [           main] o.s.security.web.FilterChainProxy        : Secured PUT /api/v1/users/1
2024-09-22T01:07:54.442-05:00 DEBUG 20396 --- [dtaquito-backend] [           main] o.s.s.w.a.AnonymousAuthenticationFilter  : Set SecurityContextHolder to anonymous SecurityContext
]]></system-out>
    <system-err><![CDATA[WARNING: A Java agent has been loaded dynamically (C:\Users\admin\.m2\repository\net\bytebuddy\byte-buddy-agent\1.14.16\byte-buddy-agent-1.14.16.jar)
WARNING: If a serviceability tool is in use, please run with -XX:+EnableDynamicAgentLoading to hide this warning
WARNING: If a serviceability tool is not in use, please run with -Djdk.instrument.traceUsage for more information
WARNING: Dynamic loading of agents will be disallowed by default in a future release
]]></system-err>
  </testcase>
  <testcase name="testCreateUser" classname="com.dtaquito_backend.dtaquito_backend.dtaquito.api.rest.UserControllerTest" time="0.023">
    <system-out><![CDATA[2024-09-22T01:07:54.504-05:00 DEBUG 20396 --- [dtaquito-backend] [           main] o.s.security.web.FilterChainProxy        : Securing POST /api/v1/users
2024-09-22T01:07:54.504-05:00 DEBUG 20396 --- [dtaquito-backend] [           main] o.s.security.web.FilterChainProxy        : Secured POST /api/v1/users
2024-09-22T01:07:54.510-05:00  INFO 20396 --- [dtaquito-backend] [           main] c.d.d.u.interfaces.rest.UserController   : Updating allowed_sportspaces for user: 1
2024-09-22T01:07:54.514-05:00  INFO 20396 --- [dtaquito-backend] [           main] c.d.d.u.interfaces.rest.UserController   : Updated allowed_sportspaces for user: 1 to 0
2024-09-22T01:07:54.518-05:00 DEBUG 20396 --- [dtaquito-backend] [           main] o.s.s.w.a.AnonymousAuthenticationFilter  : Set SecurityContextHolder to anonymous SecurityContext
]]></system-out>
  </testcase>
  <testcase name="testGetUserById" classname="com.dtaquito_backend.dtaquito_backend.dtaquito.api.rest.UserControllerTest" time="0.008">
    <system-out><![CDATA[2024-09-22T01:07:54.525-05:00 DEBUG 20396 --- [dtaquito-backend] [           main] o.s.security.web.FilterChainProxy        : Securing GET /api/v1/users/1
2024-09-22T01:07:54.526-05:00 DEBUG 20396 --- [dtaquito-backend] [           main] o.s.security.web.FilterChainProxy        : Secured GET /api/v1/users/1
2024-09-22T01:07:54.528-05:00 DEBUG 20396 --- [dtaquito-backend] [           main] o.s.s.w.a.AnonymousAuthenticationFilter  : Set SecurityContextHolder to anonymous SecurityContext
]]></system-out>
  </testcase>
</testsuite>